<?xml version="1.0" encoding="UTF-8"?>
<!-- Generated by org.testng.reporters.JUnitReportReporter -->
<testsuite hostname="DESKTOP-TH63HAS" failures="0" tests="4" name="TestCases.Login_Test" time="39.890" errors="0" timestamp="2022-03-12T12:58:00 IST" skipped="0">
  <testcase classname="TestCases.Login_Test" name="LoginSuccessTest" time="10.229"/>
  <system-out/>
  <testcase classname="TestCases.Login_Test" name="ExternalDataTest" time="10.266"/>
  <system-out/>
  <testcase classname="TestCases.Login_Test" name="ParameterizedTest" time="9.095"/>
  <system-out/>
  <testcase classname="TestCases.Login_Test" name="LoginFailiureTest" time="10.300"/>
  <system-out/>
</testsuite> <!-- TestCases.Login_Test -->
